Arguments: 
  C:\laragon\bin\nodejs\node-v14\node.exe C:\laragon\bin\yarn\bin\yarn.js init

PATH: 
  C:\Users\devel\AppData\Local\Yarn\config\global\node_modules\.bin;C:\Users\devel\AppData\Roaming\npm;C:\Users\devel\AppData\Roaming\Composer\vendor\bin;;C:\laragon\bin\laragon\utils;C:\laragon\bin\mysql\mysql-5.7.24-win32\bin;C:\laragon\bin\php\php-7.4.19-Win32-vc15-x86;C:\laragon\bin\composer;C:\laragon\bin\apache\httpd-2.4.35-win32-VC15\bin;C:\laragon\bin\redis\redis-2.6.12;C:\laragon\bin\nodejs\node-v14;C:\laragon\bin\yarn\bin;C:\laragon\bin\nginx\nginx-1.14.0;C:\laragon\bin\notepad++;C:\laragon\bin\telnet;C:\laragon\bin\ngrok;C:\laragon\bin\git\bin;C:\laragon\bin\git\cmd;C:\laragon\bin\git\usr\bin;C:\laragon\bin\git\mingw32\bin;C:\laragon\bin;C:\laragon\usr\bin;C:\laragon\bin\putty;C:\laragon\bin\cmder\bin;C:\laragon\bin\cmder\vendor\conemu-maximus5\ConEmu\Scripts;C:\laragon\bin\cmder\vendor\conemu-maximus5;C:\laragon\bin\cmder\vendor\conemu-maximus5\ConEmu;C:\Windows\system32;C:\Windows;C:\Windows\System32\Wbem;C:\Windows\System32\WindowsPowerShell\v1.0\;C:\Windows\System32\OpenSSH\;C:\Program Files\ATI Technologies\ATI.ACE\Core-Static;C:\java\bin;C:\MinGW\bin;C:\laragon\bin\git\bin;C:\Users\devel\AppData\Local\Programs\Python\Python39-32\Scripts\;C:\Users\devel\AppData\Local\Programs\Python\Python39-32\;C:\Users\devel\AppData\Local\Microsoft\WindowsApps;;C:\Users\devel\AppData\Local\Programs\Microsoft VS Code\bin;C:\laragon\bin\git\usr\bin;C:\laragon\bin\git\usr\share\vim\vim74;C:\laragon\bin\cmder\;

Yarn version: 
  1.10.1

Node version: 
  14.17.0

Platform: 
  win32 ia32

Trace: 
  Error: canceled
      at Interface.<anonymous> (C:\laragon\bin\yarn\lib\cli.js:116426:13)
      at Interface.emit (events.js:376:20)
      at Interface._ttyWrite (readline.js:880:16)
      at ReadStream.onkeypress (readline.js:213:10)
      at ReadStream.emit (events.js:376:20)
      at emitKeys (internal/readline/utils.js:345:14)
      at emitKeys.next (<anonymous>)
      at ReadStream.onData (readline.js:1149:36)
      at ReadStream.emit (events.js:376:20)
      at addChunk (internal/streams/readable.js:309:12)

npm manifest: 
  No manifest

yarn manifest: 
  No manifest

Lockfile: 
  No lockfile
